Friday, 08-Sep-2017 13:06:00 - restore started
Friday, 08-Sep-2017 13:06:00 - wp version     : 4.8.1
Friday, 08-Sep-2017 13:06:00 - php version    : 5.6.31-1~dotdeb+7.1
Friday, 08-Sep-2017 13:06:00 - mysql version  : 5.5.5
Friday, 08-Sep-2017 13:06:00 - memory limit   : 1024M
Friday, 08-Sep-2017 13:06:00 - execution time : 600
Friday, 08-Sep-2017 13:06:00 - mysql timeout  : 600
Friday, 08-Sep-2017 13:06:00 - socket timeout : 600
Friday, 08-Sep-2017 13:06:00 - file exists in the backup folder, filesize - 158.18 MB
Friday, 08-Sep-2017 13:06:00 - extracting database using ziparchive
Friday, 08-Sep-2017 13:06:00 - database import started
Friday, 08-Sep-2017 13:06:02 - updating mysql query with current site's url - new query : "INSERT INTO wp_options VALUES("1", "siteurl", "http://dev2.co.za", "yes")"
Friday, 08-Sep-2017 13:08:41 - mysql query failed. error : 1065 Query was empty - query : ""
Friday, 08-Sep-2017 13:08:41 - database import finished
Friday, 08-Sep-2017 13:08:41 - search and replace started
Friday, 08-Sep-2017 13:08:41 - there are 56 tables to scan
Friday, 08-Sep-2017 13:08:59 - search and replace finished
Friday, 08-Sep-2017 13:08:59 - extracting archive using ziparchive
Friday, 08-Sep-2017 13:09:04 - copying files..
Friday, 08-Sep-2017 13:09:16 - deleting temp directory..
Friday, 08-Sep-2017 13:09:23 - restore finished
